$ next build && cp -r .next/static .next/standalone/.next/ && cp -r public .next/standalone/
   ▲ Next.js 15.3.5
   - Environments: .env

   Creating an optimized production build ...
Failed to compile.

./src/app/dashboard/career/page.tsx
  [31mx[0m Expected ',', got '{'
    ,-[[36;1;4m/home/z/my-project/src/app/dashboard/career/page.tsx[0m:51:1]
 [2m48[0m |     { id: 3, name: 'React', category: 'Technical', level: 4, progress: 90 },
 [2m49[0m |     { id: 4, name: 'Communication', category: 'Soft', level: 3, progress: 65 },
 [2m50[0m |     { id: 5, name: 'Leadership', category: 'Soft', level: 3, progress: 75 }
 [2m51[0m |     { id: 6, name: 'Project Management', category: 'Technical', level: 2, progress: 40 },
    : [35;1m    ^[0m
 [2m52[0m |   ])
 [2m53[0m | 
 [2m54[0m |   const [careerPaths, setCareerPaths] = useState([
    `----

Caused by:
    Syntax Error

Import trace for requested module:
./src/app/dashboard/career/page.tsx

./src/app/dashboard/learning/page.tsx
  [31mx[0m Unexpected token `div`. Expected jsx identifier
    ,-[[36;1;4m/home/z/my-project/src/app/dashboard/learning/page.tsx[0m:94:1]
 [2m91[0m |   ])
 [2m92[0m | 
 [2m93[0m |   return (
 [2m94[0m |     <div className="min-h-screen bg-background">
    : [35;1m     ^^^[0m
 [2m95[0m |       <header className="border-b bg-background sticky top-0 z-50">
 [2m96[0m |         <div className="container mx-auto px-4 sm:px-6 lg:px-8 py-3 sm:py-4">
 [2m97[0m |           <div className="flex flex-col sm:flex-row items-center justify-between gap-3 sm:gap-0">
    `----

Caused by:
    Syntax Error

Import trace for requested module:
./src/app/dashboard/learning/page.tsx

> Build failed because of webpack errors
error: script "build" exited with code 1
